<?xml version="1.0" encoding="UTF-8"?>
<testsuite name="com.bl.demo.ArithmeticOperationTest" tests="1" skipped="0" failures="0" errors="0" timestamp="2020-04-20T09:06:39" hostname="DESKTOP-2TJPHRI" time="0.005">
  <properties/>
  <testcase name="givenTwoInteger_WhenMultiply_ShouldReturnMultiplication" classname="com.bl.demo.ArithmeticOperationTest" time="0.005"/>
  <system-out><![CDATA[]]></system-out>
  <system-err><![CDATA[]]></system-err>
</testsuite>
